
Showing logs for build [32mcb-kubecd-environment-pr-209-53-c4zlq-1[0m stage [32mfrom-build-pack[0m and container [32mstep-credential-initializer-vmhnb[0m
{"level":"info","ts":1587833262.8430054,"logger":"fallback-logger","caller":"logging/config.go:69","msg":"Fetch GitHub commit ID from kodata failed: open /var/run/ko/refs/heads/0.8.0-ns-support: no such file or directory"}
{"level":"info","ts":1587833262.844095,"logger":"fallback-logger","caller":"creds-init/main.go:40","msg":"Credentials initialized."}

Showing logs for build [32mcb-kubecd-environment-pr-209-53-c4zlq-1[0m stage [32mfrom-build-pack[0m and container [32mstep-working-dir-initializer-7jzkp[0m
{"level":"info","ts":1587833264.1746972,"logger":"fallback-logger","caller":"logging/config.go:69","msg":"Fetch GitHub commit ID from kodata failed: open /var/run/ko/HEAD: no such file or directory"}
{"level":"info","ts":1587833264.176539,"logger":"fallback-logger","caller":"bash/main.go:64","msg":"Successfully executed command \"sh -c mkdir -p /workspace/source\"; output "}

Showing logs for build [32mcb-kubecd-environment-pr-209-53-c4zlq-1[0m stage [32mfrom-build-pack[0m and container [32mstep-place-tools[0m

Showing logs for build [32mcb-kubecd-environment-pr-209-53-c4zlq-1[0m stage [32mfrom-build-pack[0m and container [32mstep-git-source-cb-kubecd-environment-pr-209-53-c4zlq-7h59q[0m
{"level":"info","ts":1587833268.3385174,"logger":"fallback-logger","caller":"logging/config.go:69","msg":"Fetch GitHub commit ID from kodata failed: open /var/run/ko/refs/heads/0.8.0-ns-support: no such file or directory"}
{"level":"info","ts":1587833269.3717077,"logger":"fallback-logger","caller":"git/git.go:103","msg":"Successfully cloned https://github.com/cb-kubecd/environment-pr-209-53-boot-gke-production.git @ master in path /workspace/source"}

Showing logs for build [32mcb-kubecd-environment-pr-209-53-c4zlq-1[0m stage [32mfrom-build-pack[0m and container [32mstep-git-merge[0m
Using SHAs from PULL_REFS=master:354b31b7ec21794ccd79fab917497ed6a038226b,1:78602c70bfc2d52aab91ac1faadef271b89bf2ef
DEBUG: LC_ALL=C JX_LOG_LEVEL=error git fetch origin --unshallow 78602c70bfc2d52aab91ac1faadef271b89bf2ef: 354b31b7ec21794ccd79fab917497ed6a038226b:
DEBUG: ran git fetch --unshallow origin 78602c70bfc2d52aab91ac1faadef271b89bf2ef: 354b31b7ec21794ccd79fab917497ed6a038226b: in 
DEBUG: JX_LOG_LEVEL=error LC_ALL=C git branch
DEBUG: LC_ALL=C JX_LOG_LEVEL=error git checkout master
DEBUG: ran git checkout master in 
DEBUG: LC_ALL=C JX_LOG_LEVEL=error git reset --hard 354b31b7ec21794ccd79fab917497ed6a038226b
DEBUG: ran git reset --hard 354b31b7ec21794ccd79fab917497ed6a038226b in 
DEBUG: LC_ALL=C JX_LOG_LEVEL=error git clean -fd .
DEBUG: ran clean --force -d . in 
DEBUG: LC_ALL=C JX_LOG_LEVEL=error git merge 78602c70bfc2d52aab91ac1faadef271b89bf2ef
DEBUG: ran git merge 78602c70bfc2d52aab91ac1faadef271b89bf2ef in 
DEBUG: LC_ALL=C JX_LOG_LEVEL=error git log --format=%H%x1f%an%x1f%ae%x1f%cn%x1f%ce%x1f%s%n%b%x1e 354b31b7ec21794ccd79fab917497ed6a038226b..HEAD
Merged SHA 78602c70bfc2d52aab91ac1faadef271b89bf2ef with commit message 'chore: Promote bdd-spring-1587832343 to version 0.0.1' into base branch master

Showing logs for build [32mcb-kubecd-environment-pr-209-53-c4zlq-1[0m stage [32mfrom-build-pack[0m and container [32mstep-build-helm-build[0m
WARNING: No $CHART_REPOSITORY defined so using the default value of: http://jenkins-x-chartmuseum:8080
Adding missing Helm repo: storage.googleapis.com https://storage.googleapis.com/chartmuseum.jenkins-x.io
WARNING: No secrets found on "helm/repos" due: reading the secret "helm/repos" from vault: no secret "helm/repos" not found in vault
Read credentials for https://storage.googleapis.com/chartmuseum.jenkins-x.io from vault helm/repos
Successfully added Helm repository storage.googleapis.com.
Adding missing Helm repo: jenkins-x-chartmuseum http://jenkins-x-chartmuseum:8080
WARNING: No secrets found on "helm/repos" due: reading the secret "helm/repos" from vault: no secret "helm/repos" not found in vault
Read credentials for http://jenkins-x-chartmuseum:8080 from vault helm/repos
Successfully added Helm repository jenkins-x-chartmuseum.
WARNING: No $CHART_REPOSITORY defined so using the default value of: http://jenkins-x-chartmuseum:8080
Adding missing Helm repo: chartmuseum.jenkins-x.io http://chartmuseum.jenkins-x.io
WARNING: No secrets found on "helm/repos" due: reading the secret "helm/repos" from vault: no secret "helm/repos" not found in vault
Read credentials for http://chartmuseum.jenkins-x.io from vault helm/repos
Successfully added Helm repository chartmuseum.jenkins-x.io.
